<?xml version="1.0" encoding="UTF-8"?>
<!-- Generated by org.testng.reporters.JUnitXMLReporter -->
<testsuite hostname="DM303" ignored="6" name="Default test" tests="1" failures="0" timestamp="08 Aug 2018 14:58:26 GMT" time="111.138" errors="0">
  <testcase name="IncomeProtectiontest" time="16.049" classname="life4ctest.QuotesPagetest"/>
  <testcase name="ValQuotesheadertest" time="0.0" classname="life4ctest.QuotesPagetest">
    <ignored/>
  </testcase> <!-- ValQuotesheadertest -->
  <testcase name="ValQuotestabtest" time="0.0" classname="life4ctest.QuotesPagetest">
    <ignored/>
  </testcase> <!-- ValQuotestabtest -->
  <testcase name="DecreasingTermtest" time="0.0" classname="life4ctest.QuotesPagetest">
    <ignored/>
  </testcase> <!-- DecreasingTermtest -->
  <testcase name="Wholeoflifetest" time="0.0" classname="life4ctest.QuotesPagetest">
    <ignored/>
  </testcase> <!-- Wholeoflifetest -->
  <testcase name="FamilyIncomeBenefittest" time="0.0" classname="life4ctest.QuotesPagetest">
    <ignored/>
  </testcase> <!-- FamilyIncomeBenefittest -->
  <testcase name="Leveltermtest" time="0.0" classname="life4ctest.QuotesPagetest">
    <ignored/>
  </testcase> <!-- Leveltermtest -->
</testsuite> <!-- Default test -->
